<?xml version="1.0" encoding="UTF-8"?>
<!-- Generated by org.testng.reporters.JUnitReportReporter -->
<testsuite skipped="0" hostname="IBM-Testing01" name="DemoWebShopTest.RegisterPageTest" tests="1" failures="0" timestamp="09 Jan 2020 04:33:02 GMT" time="16.916" errors="0">
  <testcase name="checkRegistration" time="16.916" classname="DemoWebShopTest.RegisterPageTest"/>
</testsuite> <!-- DemoWebShopTest.RegisterPageTest -->
