<?xml version="1.0" encoding="UTF-8"?>
<!-- Generated by org.testng.reporters.JUnitReportReporter -->
<testsuite skipped="0" hostname="IBM-Testing01" name="DemoWebShopTest.LoginPageTest" tests="1" failures="0" timestamp="09 Jan 2020 05:58:59 GMT" time="22.659" errors="0">
  <testcase name="checkLogin" time="22.659" classname="DemoWebShopTest.LoginPageTest"/>
</testsuite> <!-- DemoWebShopTest.LoginPageTest -->
